<?xml version="1.0" encoding="UTF-8"?>
<!-- Generated by org.testng.reporters.JUnitReportReporter -->
<testsuite hostname="DESKTOP-IP05ML1" failures="0" tests="1" name="makemytripporject.basecode" time="91.695" errors="0" timestamp="2023-09-06T00:25:39 IST" skipped="0">
  <testcase classname="makemytripporject.basecode" name="test1" time="91.695"/>
  <system-out/>
</testsuite> <!-- makemytripporject.basecode -->
